# JRE version: OpenJDK Runtime Environment (8.0_152-b02) (build 1.8.0_152-release-1024-b02)
# Java VM: OpenJDK 64-Bit Server VM (25.152-b02 mixed mode windows-amd64 compressed oops)
Heap:
 PSYoungGen      total 229376K, used 179652K [0x00000000e0000000, 0x00000000f1280000, 0x0000000100000000)
  eden space 183808K, 97% used [0x00000000e0000000,0x00000000eaf71078,0x00000000eb380000)
  from space 45568K, 0% used [0x00000000eb380000,0x00000000eb380000,0x00000000ee000000)
  to   space 44544K, 0% used [0x00000000ee700000,0x00000000ee700000,0x00000000f1280000)
 ParOldGen       total 252928K, used 85823K [0x00000000a0000000, 0x00000000af700000, 0x00000000e0000000)
  object space 252928K, 33% used [0x00000000a0000000,0x00000000a53cfcf8,0x00000000af700000)
 Metaspace       used 104153K, capacity 108514K, committed 108760K, reserved 1144832K
  class space    used 13059K, capacity 13979K, committed 14080K, reserved 1048576K
GC Heap History (10 events):
Event: 1363.260 GC heap before
{Heap before GC invocations=17 (full 3):
 PSYoungGen      total 206848K, used 206417K [0x00000000e0000000, 0x00000000ef280000, 0x0000000100000000)
  eden space 184832K, 100% used [0x00000000e0000000,0x00000000eb480000,0x00000000eb480000)
  from space 22016K, 98% used [0x00000000eb880000,0x00000000ecd94680,0x00000000ece00000)
  to   space 31744K, 0% used [0x00000000ed380000,0x00000000ed380000,0x00000000ef280000)
 ParOldGen       total 252928K, used 62341K [0x00000000a0000000, 0x00000000af700000, 0x00000000e0000000)
  object space 252928K, 24% used [0x00000000a0000000,0x00000000a3ce1680,0x00000000af700000)
 Metaspace       used 70717K, capacity 73970K, committed 74328K, reserved 1114112K
  class space    used 9235K, capacity 10005K, committed 10112K, reserved 1048576K
Event: 1363.315 GC heap after
Heap after GC invocations=17 (full 3):
 PSYoungGen      total 211456K, used 31716K [0x00000000e0000000, 0x00000000ef880000, 0x0000000100000000)
  eden space 179712K, 0% used [0x00000000e0000000,0x00000000e0000000,0x00000000eaf80000)
  from space 31744K, 99% used [0x00000000ed380000,0x00000000ef279120,0x00000000ef280000)
  to   space 36864K, 0% used [0x00000000eaf80000,0x00000000eaf80000,0x00000000ed380000)
 ParOldGen       total 252928K, used 65060K [0x00000000a0000000, 0x00000000af700000, 0x00000000e0000000)
  object space 252928K, 25% used [0x00000000a0000000,0x00000000a3f893b0,0x00000000af700000)
 Metaspace       used 70717K, capacity 73970K, committed 74328K, reserved 1114112K
  class space    used 9235K, capacity 10005K, committed 10112K, reserved 1048576K
}
Event: 1368.151 GC heap before
{Heap before GC invocations=18 (full 3):
 PSYoungGen      total 211456K, used 211402K [0x00000000e0000000, 0x00000000ef880000, 0x0000000100000000)
  eden space 179712K, 99% used [0x00000000e0000000,0x00000000eaf796e8,0x00000000eaf80000)
  from space 31744K, 99% used [0x00000000ed380000,0x00000000ef279120,0x00000000ef280000)
  to   space 36864K, 0% used [0x00000000eaf80000,0x00000000eaf80000,0x00000000ed380000)
 ParOldGen       total 252928K, used 65060K [0x00000000a0000000, 0x00000000af700000, 0x00000000e0000000)
  object space 252928K, 25% used [0x00000000a0000000,0x00000000a3f893b0,0x00000000af700000)
 Metaspace       used 83516K, capacity 86934K, committed 87128K, reserved 1124352K
  class space    used 10770K, capacity 11523K, committed 11648K, reserved 1048576K
Event: 1368.271 GC heap after
Heap after GC invocations=18 (full 3):
 PSYoungGen      total 216576K, used 36860K [0x00000000e0000000, 0x00000000f2780000, 0x0000000100000000)
  eden space 179712K, 0% used [0x00000000e0000000,0x00000000e0000000,0x00000000eaf80000)
  from space 36864K, 99% used [0x00000000eaf80000,0x00000000ed37f168,0x00000000ed380000)
  to   space 48128K, 0% used [0x00000000ef880000,0x00000000ef880000,0x00000000f2780000)
 ParOldGen       total 252928K, used 81036K [0x00000000a0000000, 0x00000000af700000, 0x00000000e0000000)
  object space 252928K, 32% used [0x00000000a0000000,0x00000000a4f23348,0x00000000af700000)
 Metaspace       used 83516K, capacity 86934K, committed 87128K, reserved 1124352K
  class space    used 10770K, capacity 11523K, committed 11648K, reserved 1048576K
}
Event: 1423.983 GC heap before
{Heap before GC invocations=19 (full 3):
 PSYoungGen      total 216576K, used 216572K [0x00000000e0000000, 0x00000000f2780000, 0x0000000100000000)
  eden space 179712K, 100% used [0x00000000e0000000,0x00000000eaf80000,0x00000000eaf80000)
  from space 36864K, 99% used [0x00000000eaf80000,0x00000000ed37f168,0x00000000ed380000)
  to   space 48128K, 0% used [0x00000000ef880000,0x00000000ef880000,0x00000000f2780000)
 ParOldGen       total 252928K, used 81036K [0x00000000a0000000, 0x00000000af700000, 0x00000000e0000000)
  object space 252928K, 32% used [0x00000000a0000000,0x00000000a4f23348,0x00000000af700000)
 Metaspace       used 87828K, capacity 91944K, committed 92248K, reserved 1130496K
  class space    used 11184K, capacity 12072K, committed 12160K, reserved 1048576K
Event: 1424.030 GC heap after
Heap after GC invocations=19 (full 3):
 PSYoungGen      total 196096K, used 19972K [0x00000000e0000000, 0x00000000f0c80000, 0x0000000100000000)
  eden space 175616K, 0% used [0x00000000e0000000,0x00000000e0000000,0x00000000eab80000)
  from space 20480K, 97% used [0x00000000ef880000,0x00000000f0c010b8,0x00000000f0c80000)
  to   space 45568K, 0% used [0x00000000eb380000,0x00000000eb380000,0x00000000ee000000)
 ParOldGen       total 252928K, used 94616K [0x00000000a0000000, 0x00000000af700000, 0x00000000e0000000)
  object space 252928K, 37% used [0x00000000a0000000,0x00000000a5c66270,0x00000000af700000)
 Metaspace       used 87828K, capacity 91944K, committed 92248K, reserved 1130496K
  class space    used 11184K, capacity 12072K, committed 12160K, reserved 1048576K
}
Event: 1425.647 GC heap before
{Heap before GC invocations=20 (full 3):
 PSYoungGen      total 196096K, used 99917K [0x00000000e0000000, 0x00000000f0c80000, 0x0000000100000000)
  eden space 175616K, 45% used [0x00000000e0000000,0x00000000e4e12618,0x00000000eab80000)
  from space 20480K, 97% used [0x00000000ef880000,0x00000000f0c010b8,0x00000000f0c80000)
  to   space 45568K, 0% used [0x00000000eb380000,0x00000000eb380000,0x00000000ee000000)
 ParOldGen       total 252928K, used 94616K [0x00000000a0000000, 0x00000000af700000, 0x00000000e0000000)
  object space 252928K, 37% used [0x00000000a0000000,0x00000000a5c66270,0x00000000af700000)
 Metaspace       used 94054K, capacity 98082K, committed 98264K, reserved 1134592K
  class space    used 11873K, capacity 12753K, committed 12800K, reserved 1048576K
Event: 1425.668 GC heap after
Heap after GC invocations=20 (full 3):
 PSYoungGen      total 229376K, used 24328K [0x00000000e0000000, 0x00000000f1280000, 0x0000000100000000)
  eden space 183808K, 0% used [0x00000000e0000000,0x00000000e0000000,0x00000000eb380000)
  from space 45568K, 53% used [0x00000000eb380000,0x00000000ecb423c0,0x00000000ee000000)
  to   space 44544K, 0% used [0x00000000ee700000,0x00000000ee700000,0x00000000f1280000)
 ParOldGen       total 252928K, used 94624K [0x00000000a0000000, 0x00000000af700000, 0x00000000e0000000)
  object space 252928K, 37% used [0x00000000a0000000,0x00000000a5c68270,0x00000000af700000)
 Metaspace       used 94054K, capacity 98082K, committed 98264K, reserved 1134592K
  class space    used 11873K, capacity 12753K, committed 12800K, reserved 1048576K
}
Event: 1425.668 GC heap before
{Heap before GC invocations=21 (full 4):
 PSYoungGen      total 229376K, used 24328K [0x00000000e0000000, 0x00000000f1280000, 0x0000000100000000)
  eden space 183808K, 0% used [0x00000000e0000000,0x00000000e0000000,0x00000000eb380000)
  from space 45568K, 53% used [0x00000000eb380000,0x00000000ecb423c0,0x00000000ee000000)
  to   space 44544K, 0% used [0x00000000ee700000,0x00000000ee700000,0x00000000f1280000)
 ParOldGen       total 252928K, used 94624K [0x00000000a0000000, 0x00000000af700000, 0x00000000e0000000)
  object space 252928K, 37% used [0x00000000a0000000,0x00000000a5c68270,0x00000000af700000)
 Metaspace       used 94054K, capacity 98082K, committed 98264K, reserved 1134592K
  class space    used 11873K, capacity 12753K, committed 12800K, reserved 1048576K
Event: 1426.131 GC heap after
Heap after GC invocations=21 (full 4):
 PSYoungGen      total 229376K, used 0K [0x00000000e0000000, 0x00000000f1280000, 0x0000000100000000)
  eden space 183808K, 0% used [0x00000000e0000000,0x00000000e0000000,0x00000000eb380000)
  from space 45568K, 0% used [0x00000000eb380000,0x00000000eb380000,0x00000000ee000000)
  to   space 44544K, 0% used [0x00000000ee700000,0x00000000ee700000,0x00000000f1280000)
 ParOldGen       total 252928K, used 85823K [0x00000000a0000000, 0x00000000af700000, 0x00000000e0000000)
  object space 252928K, 33% used [0x00000000a0000000,0x00000000a53cfcf8,0x00000000af700000)
 Metaspace       used 94054K, capacity 98082K, committed 98264K, reserved 1134592K
  class space    used 11873K, capacity 12753K, committed 12800K, reserved 1048576K
}

