# JRE version: OpenJDK Runtime Environment (8.0_152-b02) (build 1.8.0_152-release-1024-b02)
# Java VM: OpenJDK 64-Bit Server VM (25.152-b02 mixed mode windows-amd64 compressed oops)
Heap:
 PSYoungGen      total 226816K, used 152997K [0x00000000e0000000, 0x00000000f0000000, 0x0000000100000000)
  eden space 193024K, 61% used [0x00000000e0000000,0x00000000e746da68,0x00000000ebc80000)
  from space 33792K, 99% used [0x00000000ebc80000,0x00000000edd7ba30,0x00000000edd80000)
  to   space 30208K, 0% used [0x00000000edd80000,0x00000000edd80000,0x00000000efb00000)
 ParOldGen       total 278016K, used 72293K [0x00000000a0000000, 0x00000000b0f80000, 0x00000000e0000000)
  object space 278016K, 26% used [0x00000000a0000000,0x00000000a4699510,0x00000000b0f80000)
 Metaspace       used 87963K, capacity 90680K, committed 90968K, reserved 1128448K
  class space    used 11205K, capacity 11815K, committed 11904K, reserved 1048576K
GC Heap History (10 events):
Event: 22.659 GC heap before
{Heap before GC invocations=12 (full 2):
 PSYoungGen      total 148480K, used 138145K [0x00000000e0000000, 0x00000000ecd80000, 0x0000000100000000)
  eden space 134656K, 92% used [0x00000000e0000000,0x00000000e79702c8,0x00000000e8380000)
  from space 13824K, 99% used [0x00000000e8380000,0x00000000e90f8230,0x00000000e9100000)
  to   space 20480K, 0% used [0x00000000eb980000,0x00000000eb980000,0x00000000ecd80000)
 ParOldGen       total 172544K, used 32575K [0x00000000a0000000, 0x00000000aa880000, 0x00000000e0000000)
  object space 172544K, 18% used [0x00000000a0000000,0x00000000a1fcfd48,0x00000000aa880000)
 Metaspace       used 57118K, capacity 58804K, committed 58968K, reserved 1099776K
  class space    used 7771K, capacity 8235K, committed 8320K, reserved 1048576K
Event: 22.689 GC heap after
Heap after GC invocations=12 (full 2):
 PSYoungGen      total 184832K, used 20464K [0x00000000e0000000, 0x00000000ed480000, 0x0000000100000000)
  eden space 164352K, 0% used [0x00000000e0000000,0x00000000e0000000,0x00000000ea080000)
  from space 20480K, 99% used [0x00000000eb980000,0x00000000ecd7c240,0x00000000ecd80000)
  to   space 25600K, 0% used [0x00000000ea080000,0x00000000ea080000,0x00000000eb980000)
 ParOldGen       total 172544K, used 40131K [0x00000000a0000000, 0x00000000aa880000, 0x00000000e0000000)
  object space 172544K, 23% used [0x00000000a0000000,0x00000000a2730c60,0x00000000aa880000)
 Metaspace       used 57118K, capacity 58804K, committed 58968K, reserved 1099776K
  class space    used 7771K, capacity 8235K, committed 8320K, reserved 1048576K
}
Event: 22.689 GC heap before
{Heap before GC invocations=13 (full 3):
 PSYoungGen      total 184832K, used 20464K [0x00000000e0000000, 0x00000000ed480000, 0x0000000100000000)
  eden space 164352K, 0% used [0x00000000e0000000,0x00000000e0000000,0x00000000ea080000)
  from space 20480K, 99% used [0x00000000eb980000,0x00000000ecd7c240,0x00000000ecd80000)
  to   space 25600K, 0% used [0x00000000ea080000,0x00000000ea080000,0x00000000eb980000)
 ParOldGen       total 172544K, used 40131K [0x00000000a0000000, 0x00000000aa880000, 0x00000000e0000000)
  object space 172544K, 23% used [0x00000000a0000000,0x00000000a2730c60,0x00000000aa880000)
 Metaspace       used 57118K, capacity 58804K, committed 58968K, reserved 1099776K
  class space    used 7771K, capacity 8235K, committed 8320K, reserved 1048576K
Event: 23.016 GC heap after
Heap after GC invocations=13 (full 3):
 PSYoungGen      total 184832K, used 0K [0x00000000e0000000, 0x00000000ed480000, 0x0000000100000000)
  eden space 164352K, 0% used [0x00000000e0000000,0x00000000e0000000,0x00000000ea080000)
  from space 20480K, 0% used [0x00000000eb980000,0x00000000eb980000,0x00000000ecd80000)
  to   space 25600K, 0% used [0x00000000ea080000,0x00000000ea080000,0x00000000eb980000)
 ParOldGen       total 278016K, used 51917K [0x00000000a0000000, 0x00000000b0f80000, 0x00000000e0000000)
  object space 278016K, 18% used [0x00000000a0000000,0x00000000a32b3478,0x00000000b0f80000)
 Metaspace       used 57118K, capacity 58804K, committed 58968K, reserved 1099776K
  class space    used 7771K, capacity 8235K, committed 8320K, reserved 1048576K
}
Event: 29.584 GC heap before
{Heap before GC invocations=14 (full 3):
 PSYoungGen      total 184832K, used 164352K [0x00000000e0000000, 0x00000000ed480000, 0x0000000100000000)
  eden space 164352K, 100% used [0x00000000e0000000,0x00000000ea080000,0x00000000ea080000)
  from space 20480K, 0% used [0x00000000eb980000,0x00000000eb980000,0x00000000ecd80000)
  to   space 25600K, 0% used [0x00000000ea080000,0x00000000ea080000,0x00000000eb980000)
 ParOldGen       total 278016K, used 51917K [0x00000000a0000000, 0x00000000b0f80000, 0x00000000e0000000)
  object space 278016K, 18% used [0x00000000a0000000,0x00000000a32b3478,0x00000000b0f80000)
 Metaspace       used 61760K, capacity 63444K, committed 63704K, reserved 1103872K
  class space    used 8153K, capacity 8587K, committed 8704K, reserved 1048576K
Event: 29.620 GC heap after
Heap after GC invocations=14 (full 3):
 PSYoungGen      total 189952K, used 25594K [0x00000000e0000000, 0x00000000efb00000, 0x0000000100000000)
  eden space 164352K, 0% used [0x00000000e0000000,0x00000000e0000000,0x00000000ea080000)
  from space 25600K, 99% used [0x00000000ea080000,0x00000000eb97e8e8,0x00000000eb980000)
  to   space 30208K, 0% used [0x00000000edd80000,0x00000000edd80000,0x00000000efb00000)
 ParOldGen       total 278016K, used 54980K [0x00000000a0000000, 0x00000000b0f80000, 0x00000000e0000000)
  object space 278016K, 19% used [0x00000000a0000000,0x00000000a35b11f8,0x00000000b0f80000)
 Metaspace       used 61760K, capacity 63444K, committed 63704K, reserved 1103872K
  class space    used 8153K, capacity 8587K, committed 8704K, reserved 1048576K
}
Event: 37.030 GC heap before
{Heap before GC invocations=15 (full 3):
 PSYoungGen      total 189952K, used 189946K [0x00000000e0000000, 0x00000000efb00000, 0x0000000100000000)
  eden space 164352K, 100% used [0x00000000e0000000,0x00000000ea080000,0x00000000ea080000)
  from space 25600K, 99% used [0x00000000ea080000,0x00000000eb97e8e8,0x00000000eb980000)
  to   space 30208K, 0% used [0x00000000edd80000,0x00000000edd80000,0x00000000efb00000)
 ParOldGen       total 278016K, used 54980K [0x00000000a0000000, 0x00000000b0f80000, 0x00000000e0000000)
  object space 278016K, 19% used [0x00000000a0000000,0x00000000a35b11f8,0x00000000b0f80000)
 Metaspace       used 66654K, capacity 68550K, committed 68824K, reserved 1110016K
  class space    used 8619K, capacity 9138K, committed 9216K, reserved 1048576K
Event: 37.068 GC heap after
Heap after GC invocations=15 (full 3):
 PSYoungGen      total 223232K, used 28841K [0x00000000e0000000, 0x00000000f0000000, 0x0000000100000000)
  eden space 193024K, 0% used [0x00000000e0000000,0x00000000e0000000,0x00000000ebc80000)
  from space 30208K, 95% used [0x00000000edd80000,0x00000000ef9aa5a8,0x00000000efb00000)
  to   space 33792K, 0% used [0x00000000ebc80000,0x00000000ebc80000,0x00000000edd80000)
 ParOldGen       total 278016K, used 54988K [0x00000000a0000000, 0x00000000b0f80000, 0x00000000e0000000)
  object space 278016K, 19% used [0x00000000a0000000,0x00000000a35b31f8,0x00000000b0f80000)
 Metaspace       used 66654K, capacity 68550K, committed 68824K, reserved 1110016K
  class space    used 8619K, capacity 9138K, committed 9216K, reserved 1048576K
}
Event: 43.871 GC heap before
{Heap before GC invocations=16 (full 3):
 PSYoungGen      total 223232K, used 221865K [0x00000000e0000000, 0x00000000f0000000, 0x0000000100000000)
  eden space 193024K, 100% used [0x00000000e0000000,0x00000000ebc80000,0x00000000ebc80000)
  from space 30208K, 95% used [0x00000000edd80000,0x00000000ef9aa5a8,0x00000000efb00000)
  to   space 33792K, 0% used [0x00000000ebc80000,0x00000000ebc80000,0x00000000edd80000)
 ParOldGen       total 278016K, used 54988K [0x00000000a0000000, 0x00000000b0f80000, 0x00000000e0000000)
  object space 278016K, 19% used [0x00000000a0000000,0x00000000a35b31f8,0x00000000b0f80000)
 Metaspace       used 84328K, capacity 86658K, committed 86872K, reserved 1124352K
  class space    used 10750K, capacity 11294K, committed 11392K, reserved 1048576K
Event: 43.908 GC heap after
Heap after GC invocations=16 (full 3):
 PSYoungGen      total 226816K, used 33774K [0x00000000e0000000, 0x00000000f0000000, 0x0000000100000000)
  eden space 193024K, 0% used [0x00000000e0000000,0x00000000e0000000,0x00000000ebc80000)
  from space 33792K, 99% used [0x00000000ebc80000,0x00000000edd7ba30,0x00000000edd80000)
  to   space 30208K, 0% used [0x00000000edd80000,0x00000000edd80000,0x00000000efb00000)
 ParOldGen       total 278016K, used 72293K [0x00000000a0000000, 0x00000000b0f80000, 0x00000000e0000000)
  object space 278016K, 26% used [0x00000000a0000000,0x00000000a4699510,0x00000000b0f80000)
 Metaspace       used 84328K, capacity 86658K, committed 86872K, reserved 1124352K
  class space    used 10750K, capacity 11294K, committed 11392K, reserved 1048576K
}

